TN:
SF:src/index.ts
FN:50,<instance_members_initializer>
FN:75,Card
FN:97,addCardToCollection
FN:123,deleteCardToCollection
FN:149,modifyCardToCollection
FNF:5
FNH:5
FNDA:8,<instance_members_initializer>
FNDA:8,Card
FNDA:3,addCardToCollection
FNDA:3,deleteCardToCollection
FNDA:2,modifyCardToCollection
DA:1,1
DA:2,1
DA:3,1
DA:4,1
DA:5,1
DA:6,1
DA:7,1
DA:8,1
DA:9,1
DA:10,1
DA:11,1
DA:12,1
DA:13,1
DA:14,1
DA:15,1
DA:16,1
DA:17,1
DA:18,1
DA:19,1
DA:20,1
DA:21,1
DA:22,1
DA:23,1
DA:24,1
DA:25,1
DA:26,1
DA:27,1
DA:28,1
DA:29,1
DA:30,1
DA:31,1
DA:32,1
DA:33,1
DA:34,1
DA:35,1
DA:36,1
DA:37,1
DA:38,1
DA:39,1
DA:40,1
DA:41,1
DA:42,1
DA:43,1
DA:44,1
DA:45,1
DA:46,1
DA:47,1
DA:48,1
DA:49,1
DA:50,1
DA:51,8
DA:52,8
DA:53,8
DA:54,8
DA:55,8
DA:56,8
DA:57,8
DA:58,8
DA:59,8
DA:60,8
DA:61,8
DA:62,8
DA:63,8
DA:64,8
DA:65,8
DA:66,8
DA:67,8
DA:68,8
DA:69,8
DA:70,8
DA:71,8
DA:72,8
DA:73,8
DA:74,8
DA:75,8
DA:76,8
DA:77,8
DA:78,8
DA:79,8
DA:80,8
DA:81,8
DA:82,8
DA:83,8
DA:84,8
DA:85,8
DA:86,8
DA:87,8
DA:88,1
DA:89,1
DA:90,1
DA:91,1
DA:92,1
DA:93,1
DA:94,1
DA:95,1
DA:96,1
DA:97,1
DA:98,3
DA:99,3
DA:100,3
DA:101,1
DA:102,1
DA:103,3
DA:104,2
DA:105,2
DA:106,2
DA:107,0
DA:108,2
DA:109,2
DA:110,2
DA:111,2
DA:112,2
DA:113,3
DA:114,3
DA:115,1
DA:116,1
DA:117,1
DA:118,1
DA:119,1
DA:120,1
DA:121,1
DA:122,1
DA:123,1
DA:124,3
DA:125,3
DA:126,3
DA:127,3
DA:128,2
DA:129,2
DA:130,2
DA:131,0
DA:132,2
DA:133,2
DA:134,2
DA:135,2
DA:136,2
DA:137,3
DA:138,1
DA:139,1
DA:140,3
DA:141,3
DA:142,1
DA:143,1
DA:144,1
DA:145,1
DA:146,1
DA:147,1
DA:148,1
DA:149,1
DA:150,2
DA:151,2
DA:152,2
DA:153,1
DA:154,1
DA:155,1
DA:156,1
DA:157,0
DA:158,1
DA:159,1
DA:160,1
DA:161,1
DA:162,1
DA:163,1
DA:164,1
DA:165,1
DA:166,2
DA:167,2
DA:168,1
DA:169,1
DA:170,1
DA:171,1
DA:172,1
DA:173,1
DA:174,1
DA:175,0
DA:176,0
DA:177,1
DA:178,1
DA:179,1
DA:180,1
DA:181,1
DA:182,0
DA:183,1
DA:184,1
DA:185,1
DA:186,1
LF:186
LH:180
BRDA:3,0,0,1
BRDA:13,1,0,1
BRDA:23,2,0,1
BRDA:50,3,0,8
BRDA:75,4,0,8
BRDA:97,5,0,3
BRDA:99,6,0,3
BRDA:100,7,0,1
BRDA:103,8,0,2
BRDA:105,9,0,2
BRDA:106,10,0,0
BRDA:123,11,0,3
BRDA:126,12,0,3
BRDA:127,13,0,2
BRDA:137,14,0,1
BRDA:129,15,0,2
BRDA:130,16,0,0
BRDA:149,17,0,2
BRDA:151,18,0,2
BRDA:152,19,0,1
BRDA:154,20,0,1
BRDA:156,21,0,0
BRDA:171,22,0,1
BRDA:174,23,0,0
BRDA:180,24,0,1
BRDA:181,25,0,0
BRF:26
BRH:21
end_of_record
